<?xml version="1.0" encoding="UTF-8"?>
<testng-results skipped="0" failed="0" ignored="0" total="2" passed="2">
  <reporter-output>
  </reporter-output>
  <suite name="Suite" duration-ms="97" started-at="2021-04-12T22:22:50 IST" finished-at="2021-04-12T22:22:50 IST">
    <groups>
    </groups>
    <test name="Test" duration-ms="97" started-at="2021-04-12T22:22:50 IST" finished-at="2021-04-12T22:22:50 IST">
      <class name="com.tricentis.automation.Automobile_TC">
        <test-method status="PASS" signature="test1()[pri:0, instance:com.tricentis.automation.Automobile_TC@4d95d2a2]" name="test1" duration-ms="12" started-at="2021-04-12T22:22:50 IST" finished-at="2021-04-12T22:22:50 IST">
          <reporter-output>
          </reporter-output>
        </test-method> <!-- test1 -->
        <test-method status="PASS" signature="test2()[pri:0, instance:com.tricentis.automation.Automobile_TC@4d95d2a2]" name="test2" duration-ms="2" started-at="2021-04-12T22:22:50 IST" finished-at="2021-04-12T22:22:50 IST">
          <reporter-output>
          </reporter-output>
        </test-method> <!-- test2 -->
      </class> <!-- com.tricentis.automation.Automobile_TC -->
    </test> <!-- Test -->
  </suite> <!-- Suite -->
</testng-results>
